<?xml version="1.0" encoding="UTF-8"?>
<!-- Generated by org.testng.reporters.JUnitReportReporter -->
<testsuite skipped="0" hostname="DESKTOP-G1GANOT" name="apiTest.TweetsTest" tests="4" failures="0" timestamp="17 Apr 2019 22:26:07 GMT" time="4.543" errors="0">
  <testcase name="testUserCanDeleteTweet" time="0.531" classname="apiTest.TweetsTest"/>
  <testcase name="testGetUserTimeLine" time="0.514" classname="apiTest.TweetsTest"/>
  <testcase name="testCreateTweet" time="0.745" classname="apiTest.TweetsTest"/>
  <testcase name="cantNotTweetWithSameTweetTwiceInRow" time="2.753" classname="apiTest.TweetsTest"/>
</testsuite> <!-- apiTest.TweetsTest -->
