<?xml version="1.0" encoding="UTF-8"?>
<!-- Generated by org.testng.reporters.JUnitReportReporter -->
<testsuite skipped="0" hostname="DESKTOP-G1GANOT" name="apiTest.TweetsTest" tests="1" failures="0" timestamp="15 Apr 2019 22:10:31 GMT" time="1.844" errors="0">
  <testcase name="testGetUserTimeLine" time="1.844" classname="apiTest.TweetsTest"/>
</testsuite> <!-- apiTest.TweetsTest -->
