<?xml version="1.0" encoding="UTF-8"?>
<!-- Generated by org.testng.reporters.JUnitReportReporter -->
<testsuite skipped="0" hostname="DESKTOP-G1GANOT" name="apiTest.TweetsTest" tests="4" failures="0" timestamp="17 Apr 2019 23:07:54 GMT" time="6.311" errors="0">
  <testcase name="testUserCanDeleteTweet" time="0.832" classname="apiTest.TweetsTest"/>
  <testcase name="testGetUserTimeLine" time="1.375" classname="apiTest.TweetsTest"/>
  <testcase name="testCreateTweet" time="1.082" classname="apiTest.TweetsTest"/>
  <testcase name="cantNotTweetWithSameTweetTwiceInRow" time="3.022" classname="apiTest.TweetsTest"/>
</testsuite> <!-- apiTest.TweetsTest -->
